c:\project\gameboyemulator\gameboyemulator\debug\vc141.pdb
c:\project\gameboyemulator\gameboyemulator\debug\vc141.idb
c:\project\gameboyemulator\gameboyemulator\debug\main.obj
c:\project\gameboyemulator\gameboyemulator\debug\gb_fileoperator.obj
c:\project\gameboyemulator\gameboyemulator\debug\gb_memory.obj
c:\project\gameboyemulator\gameboyemulator\debug\gb_window.obj
c:\project\gameboyemulator\debug\gameboyemulator.pdb
c:\project\gameboyemulator\gameboyemulator\debug\gameboyemulator.tlog\cl.command.1.tlog
c:\project\gameboyemulator\gameboyemulator\debug\gameboyemulator.tlog\cl.read.1.tlog
c:\project\gameboyemulator\gameboyemulator\debug\gameboyemulator.tlog\cl.write.1.tlog
c:\project\gameboyemulator\gameboyemulator\debug\gameboyemulator.tlog\link-cvtres.read.1.tlog
c:\project\gameboyemulator\gameboyemulator\debug\gameboyemulator.tlog\link-cvtres.write.1.tlog
c:\project\gameboyemulator\gameboyemulator\debug\gameboyemulator.tlog\link-rc.read.1.tlog
c:\project\gameboyemulator\gameboyemulator\debug\gameboyemulator.tlog\link-rc.write.1.tlog
c:\project\gameboyemulator\gameboyemulator\debug\gameboyemulator.tlog\link.9708-cvtres.read.1.tlog
c:\project\gameboyemulator\gameboyemulator\debug\gameboyemulator.tlog\link.9708-cvtres.write.1.tlog
c:\project\gameboyemulator\gameboyemulator\debug\gameboyemulator.tlog\link.9708-rc.read.1.tlog
c:\project\gameboyemulator\gameboyemulator\debug\gameboyemulator.tlog\link.9708-rc.write.1.tlog
c:\project\gameboyemulator\gameboyemulator\debug\gameboyemulator.tlog\link.9708.read.1.tlog
c:\project\gameboyemulator\gameboyemulator\debug\gameboyemulator.tlog\link.9708.write.1.tlog
c:\project\gameboyemulator\gameboyemulator\debug\gameboyemulator.tlog\link.command.1.tlog
c:\project\gameboyemulator\gameboyemulator\debug\gameboyemulator.tlog\link.read.1.tlog
c:\project\gameboyemulator\gameboyemulator\debug\gameboyemulator.tlog\link.write.1.tlog
